

Processing FamilyController#index (for 127.0.0.1 at 2010-12-31 17:19:55) [GET]
Rendering family/index

ActionView::TemplateError (undefined method `eeach' for ["Linda", "Izzy", "Gavin", "Daddy"]:Array) on line #4 of app/views/family/index.html.erb:
1: <h1>The McKesson Family Home Page</h1>
2: <p>A test of the RoR programming language!</p>
3: 
4: <% @family.eeach do |member|%>
5: <%= member %><br />
6: <% end %>
7: the current time is: <%= @time %>

    app/views/family/index.html.erb:4
    /Users/petermckesson/.rvm/rubies/ree-1.8.7-2010.02/lib/ruby/1.8/webrick/httpserver.rb:104:in `service'
    /Users/petermckesson/.rvm/rubies/ree-1.8.7-2010.02/lib/ruby/1.8/webrick/httpserver.rb:65:in `run'
    /Users/petermckesson/.rvm/rubies/ree-1.8.7-2010.02/lib/ruby/1.8/webrick/server.rb:173:in `start_thread'
    /Users/petermckesson/.rvm/rubies/ree-1.8.7-2010.02/lib/ruby/1.8/webrick/server.rb:162:in `start'
    /Users/petermckesson/.rvm/rubies/ree-1.8.7-2010.02/lib/ruby/1.8/webrick/server.rb:162:in `start_thread'
    /Users/petermckesson/.rvm/rubies/ree-1.8.7-2010.02/lib/ruby/1.8/webrick/server.rb:95:in `start'
    /Users/petermckesson/.rvm/rubies/ree-1.8.7-2010.02/lib/ruby/1.8/webrick/server.rb:92:in `each'
    /Users/petermckesson/.rvm/rubies/ree-1.8.7-2010.02/lib/ruby/1.8/webrick/server.rb:92:in `start'
    /Users/petermckesson/.rvm/rubies/ree-1.8.7-2010.02/lib/ruby/1.8/webrick/server.rb:23:in `start'
    /Users/petermckesson/.rvm/rubies/ree-1.8.7-2010.02/lib/ruby/1.8/webrick/server.rb:82:in `start'

Rendered rescues/_trace (96.3ms)
Rendered rescues/_request_and_response (1.0ms)
Rendering rescues/layout (internal_server_error)


Processing FamilyController#index (for 127.0.0.1 at 2010-12-31 17:20:24) [GET]
Rendering family/index
Completed in 6ms (View: 5, DB: 0) | 200 OK [http://localhost/family/]


Processing ApplicationController#index (for 127.0.0.1 at 2011-01-01 16:37:18) [GET]

ActionController::RoutingError (No route matches "/reviews/" with {:method=>:get}):
  /Users/petermckesson/.rvm/rubies/ree-1.8.7-2010.02/lib/ruby/1.8/webrick/httpserver.rb:104:in `service'
  /Users/petermckesson/.rvm/rubies/ree-1.8.7-2010.02/lib/ruby/1.8/webrick/httpserver.rb:65:in `run'
  /Users/petermckesson/.rvm/rubies/ree-1.8.7-2010.02/lib/ruby/1.8/webrick/server.rb:173:in `start_thread'
  /Users/petermckesson/.rvm/rubies/ree-1.8.7-2010.02/lib/ruby/1.8/webrick/server.rb:162:in `start'
  /Users/petermckesson/.rvm/rubies/ree-1.8.7-2010.02/lib/ruby/1.8/webrick/server.rb:162:in `start_thread'
  /Users/petermckesson/.rvm/rubies/ree-1.8.7-2010.02/lib/ruby/1.8/webrick/server.rb:95:in `start'
  /Users/petermckesson/.rvm/rubies/ree-1.8.7-2010.02/lib/ruby/1.8/webrick/server.rb:92:in `each'
  /Users/petermckesson/.rvm/rubies/ree-1.8.7-2010.02/lib/ruby/1.8/webrick/server.rb:92:in `start'
  /Users/petermckesson/.rvm/rubies/ree-1.8.7-2010.02/lib/ruby/1.8/webrick/server.rb:23:in `start'
  /Users/petermckesson/.rvm/rubies/ree-1.8.7-2010.02/lib/ruby/1.8/webrick/server.rb:82:in `start'

Rendering rescues/layout (not_found)


Processing ApplicationController#index (for 127.0.0.1 at 2011-01-01 16:37:51) [GET]

ActionController::RoutingError (No route matches "/reviews/" with {:method=>:get}):
  /Users/petermckesson/.rvm/rubies/ree-1.8.7-2010.02/lib/ruby/1.8/webrick/httpserver.rb:104:in `service'
  /Users/petermckesson/.rvm/rubies/ree-1.8.7-2010.02/lib/ruby/1.8/webrick/httpserver.rb:65:in `run'
  /Users/petermckesson/.rvm/rubies/ree-1.8.7-2010.02/lib/ruby/1.8/webrick/server.rb:173:in `start_thread'
  /Users/petermckesson/.rvm/rubies/ree-1.8.7-2010.02/lib/ruby/1.8/webrick/server.rb:162:in `start'
  /Users/petermckesson/.rvm/rubies/ree-1.8.7-2010.02/lib/ruby/1.8/webrick/server.rb:162:in `start_thread'
  /Users/petermckesson/.rvm/rubies/ree-1.8.7-2010.02/lib/ruby/1.8/webrick/server.rb:95:in `start'
  /Users/petermckesson/.rvm/rubies/ree-1.8.7-2010.02/lib/ruby/1.8/webrick/server.rb:92:in `each'
  /Users/petermckesson/.rvm/rubies/ree-1.8.7-2010.02/lib/ruby/1.8/webrick/server.rb:92:in `start'
  /Users/petermckesson/.rvm/rubies/ree-1.8.7-2010.02/lib/ruby/1.8/webrick/server.rb:23:in `start'
  /Users/petermckesson/.rvm/rubies/ree-1.8.7-2010.02/lib/ruby/1.8/webrick/server.rb:82:in `start'

Rendering rescues/layout (not_found)


Processing ApplicationController#index (for 127.0.0.1 at 2011-01-01 16:37:54) [GET]

ActionController::RoutingError (No route matches "/reviews/" with {:method=>:get}):
  /Users/petermckesson/.rvm/rubies/ree-1.8.7-2010.02/lib/ruby/1.8/webrick/httpserver.rb:104:in `service'
  /Users/petermckesson/.rvm/rubies/ree-1.8.7-2010.02/lib/ruby/1.8/webrick/httpserver.rb:65:in `run'
  /Users/petermckesson/.rvm/rubies/ree-1.8.7-2010.02/lib/ruby/1.8/webrick/server.rb:173:in `start_thread'
  /Users/petermckesson/.rvm/rubies/ree-1.8.7-2010.02/lib/ruby/1.8/webrick/server.rb:162:in `start'
  /Users/petermckesson/.rvm/rubies/ree-1.8.7-2010.02/lib/ruby/1.8/webrick/server.rb:162:in `start_thread'
  /Users/petermckesson/.rvm/rubies/ree-1.8.7-2010.02/lib/ruby/1.8/webrick/server.rb:95:in `start'
  /Users/petermckesson/.rvm/rubies/ree-1.8.7-2010.02/lib/ruby/1.8/webrick/server.rb:92:in `each'
  /Users/petermckesson/.rvm/rubies/ree-1.8.7-2010.02/lib/ruby/1.8/webrick/server.rb:92:in `start'
  /Users/petermckesson/.rvm/rubies/ree-1.8.7-2010.02/lib/ruby/1.8/webrick/server.rb:23:in `start'
  /Users/petermckesson/.rvm/rubies/ree-1.8.7-2010.02/lib/ruby/1.8/webrick/server.rb:82:in `start'

Rendering rescues/layout (not_found)


Processing ApplicationController#index (for 127.0.0.1 at 2011-01-01 16:38:19) [GET]

ActionController::RoutingError (No route matches "/review" with {:method=>:get}):
  /Users/petermckesson/.rvm/rubies/ree-1.8.7-2010.02/lib/ruby/1.8/webrick/httpserver.rb:104:in `service'
  /Users/petermckesson/.rvm/rubies/ree-1.8.7-2010.02/lib/ruby/1.8/webrick/httpserver.rb:65:in `run'
  /Users/petermckesson/.rvm/rubies/ree-1.8.7-2010.02/lib/ruby/1.8/webrick/server.rb:173:in `start_thread'
  /Users/petermckesson/.rvm/rubies/ree-1.8.7-2010.02/lib/ruby/1.8/webrick/server.rb:162:in `start'
  /Users/petermckesson/.rvm/rubies/ree-1.8.7-2010.02/lib/ruby/1.8/webrick/server.rb:162:in `start_thread'
  /Users/petermckesson/.rvm/rubies/ree-1.8.7-2010.02/lib/ruby/1.8/webrick/server.rb:95:in `start'
  /Users/petermckesson/.rvm/rubies/ree-1.8.7-2010.02/lib/ruby/1.8/webrick/server.rb:92:in `each'
  /Users/petermckesson/.rvm/rubies/ree-1.8.7-2010.02/lib/ruby/1.8/webrick/server.rb:92:in `start'
  /Users/petermckesson/.rvm/rubies/ree-1.8.7-2010.02/lib/ruby/1.8/webrick/server.rb:23:in `start'
  /Users/petermckesson/.rvm/rubies/ree-1.8.7-2010.02/lib/ruby/1.8/webrick/server.rb:82:in `start'

Rendering rescues/layout (not_found)


Processing ApplicationController#index (for 127.0.0.1 at 2011-01-01 16:38:25) [GET]

ActionController::RoutingError (No route matches "/reviews/" with {:method=>:get}):
  /Users/petermckesson/.rvm/rubies/ree-1.8.7-2010.02/lib/ruby/1.8/webrick/httpserver.rb:104:in `service'
  /Users/petermckesson/.rvm/rubies/ree-1.8.7-2010.02/lib/ruby/1.8/webrick/httpserver.rb:65:in `run'
  /Users/petermckesson/.rvm/rubies/ree-1.8.7-2010.02/lib/ruby/1.8/webrick/server.rb:173:in `start_thread'
  /Users/petermckesson/.rvm/rubies/ree-1.8.7-2010.02/lib/ruby/1.8/webrick/server.rb:162:in `start'
  /Users/petermckesson/.rvm/rubies/ree-1.8.7-2010.02/lib/ruby/1.8/webrick/server.rb:162:in `start_thread'
  /Users/petermckesson/.rvm/rubies/ree-1.8.7-2010.02/lib/ruby/1.8/webrick/server.rb:95:in `start'
  /Users/petermckesson/.rvm/rubies/ree-1.8.7-2010.02/lib/ruby/1.8/webrick/server.rb:92:in `each'
  /Users/petermckesson/.rvm/rubies/ree-1.8.7-2010.02/lib/ruby/1.8/webrick/server.rb:92:in `start'
  /Users/petermckesson/.rvm/rubies/ree-1.8.7-2010.02/lib/ruby/1.8/webrick/server.rb:23:in `start'
  /Users/petermckesson/.rvm/rubies/ree-1.8.7-2010.02/lib/ruby/1.8/webrick/server.rb:82:in `start'

Rendering rescues/layout (not_found)


Processing ApplicationController#index (for 127.0.0.1 at 2011-01-01 16:39:59) [GET]

ActionController::RoutingError (No route matches "/reviews/" with {:method=>:get}):
  /Users/petermckesson/.rvm/rubies/ree-1.8.7-2010.02/lib/ruby/1.8/webrick/httpserver.rb:104:in `service'
  /Users/petermckesson/.rvm/rubies/ree-1.8.7-2010.02/lib/ruby/1.8/webrick/httpserver.rb:65:in `run'
  /Users/petermckesson/.rvm/rubies/ree-1.8.7-2010.02/lib/ruby/1.8/webrick/server.rb:173:in `start_thread'
  /Users/petermckesson/.rvm/rubies/ree-1.8.7-2010.02/lib/ruby/1.8/webrick/server.rb:162:in `start'
  /Users/petermckesson/.rvm/rubies/ree-1.8.7-2010.02/lib/ruby/1.8/webrick/server.rb:162:in `start_thread'
  /Users/petermckesson/.rvm/rubies/ree-1.8.7-2010.02/lib/ruby/1.8/webrick/server.rb:95:in `start'
  /Users/petermckesson/.rvm/rubies/ree-1.8.7-2010.02/lib/ruby/1.8/webrick/server.rb:92:in `each'
  /Users/petermckesson/.rvm/rubies/ree-1.8.7-2010.02/lib/ruby/1.8/webrick/server.rb:92:in `start'
  /Users/petermckesson/.rvm/rubies/ree-1.8.7-2010.02/lib/ruby/1.8/webrick/server.rb:23:in `start'
  /Users/petermckesson/.rvm/rubies/ree-1.8.7-2010.02/lib/ruby/1.8/webrick/server.rb:82:in `start'

Rendering rescues/layout (not_found)


Processing ApplicationController#index (for 127.0.0.1 at 2011-01-01 16:40:01) [GET]

ActionController::RoutingError (No route matches "/reviews/" with {:method=>:get}):
  /Users/petermckesson/.rvm/rubies/ree-1.8.7-2010.02/lib/ruby/1.8/webrick/httpserver.rb:104:in `service'
  /Users/petermckesson/.rvm/rubies/ree-1.8.7-2010.02/lib/ruby/1.8/webrick/httpserver.rb:65:in `run'
  /Users/petermckesson/.rvm/rubies/ree-1.8.7-2010.02/lib/ruby/1.8/webrick/server.rb:173:in `start_thread'
  /Users/petermckesson/.rvm/rubies/ree-1.8.7-2010.02/lib/ruby/1.8/webrick/server.rb:162:in `start'
  /Users/petermckesson/.rvm/rubies/ree-1.8.7-2010.02/lib/ruby/1.8/webrick/server.rb:162:in `start_thread'
  /Users/petermckesson/.rvm/rubies/ree-1.8.7-2010.02/lib/ruby/1.8/webrick/server.rb:95:in `start'
  /Users/petermckesson/.rvm/rubies/ree-1.8.7-2010.02/lib/ruby/1.8/webrick/server.rb:92:in `each'
  /Users/petermckesson/.rvm/rubies/ree-1.8.7-2010.02/lib/ruby/1.8/webrick/server.rb:92:in `start'
  /Users/petermckesson/.rvm/rubies/ree-1.8.7-2010.02/lib/ruby/1.8/webrick/server.rb:23:in `start'
  /Users/petermckesson/.rvm/rubies/ree-1.8.7-2010.02/lib/ruby/1.8/webrick/server.rb:82:in `start'

Rendering rescues/layout (not_found)


Processing ApplicationController#index (for 127.0.0.1 at 2011-01-01 16:49:47) [GET]

ActionController::RoutingError (No route matches "/familys" with {:method=>:get}):
  /Users/petermckesson/.rvm/rubies/ree-1.8.7-2010.02/lib/ruby/1.8/webrick/httpserver.rb:104:in `service'
  /Users/petermckesson/.rvm/rubies/ree-1.8.7-2010.02/lib/ruby/1.8/webrick/httpserver.rb:65:in `run'
  /Users/petermckesson/.rvm/rubies/ree-1.8.7-2010.02/lib/ruby/1.8/webrick/server.rb:173:in `start_thread'
  /Users/petermckesson/.rvm/rubies/ree-1.8.7-2010.02/lib/ruby/1.8/webrick/server.rb:162:in `start'
  /Users/petermckesson/.rvm/rubies/ree-1.8.7-2010.02/lib/ruby/1.8/webrick/server.rb:162:in `start_thread'
  /Users/petermckesson/.rvm/rubies/ree-1.8.7-2010.02/lib/ruby/1.8/webrick/server.rb:95:in `start'
  /Users/petermckesson/.rvm/rubies/ree-1.8.7-2010.02/lib/ruby/1.8/webrick/server.rb:92:in `each'
  /Users/petermckesson/.rvm/rubies/ree-1.8.7-2010.02/lib/ruby/1.8/webrick/server.rb:92:in `start'
  /Users/petermckesson/.rvm/rubies/ree-1.8.7-2010.02/lib/ruby/1.8/webrick/server.rb:23:in `start'
  /Users/petermckesson/.rvm/rubies/ree-1.8.7-2010.02/lib/ruby/1.8/webrick/server.rb:82:in `start'

Rendering rescues/layout (not_found)


Processing FamilyController#index (for 127.0.0.1 at 2011-01-01 16:50:02) [GET]
Rendering family/index
Completed in 6ms (View: 4, DB: 0) | 200 OK [http://localhost/family]


Processing FamilyController#index (for 127.0.0.1 at 2011-01-01 16:52:25) [GET]
Rendering family/index
Completed in 1ms (View: 1, DB: 0) | 200 OK [http://localhost/family]


Processing FamilyController#index (for 127.0.0.1 at 2011-01-01 16:52:27) [GET]
Rendering family/index
Completed in 1ms (View: 1, DB: 0) | 200 OK [http://localhost/family]


Processing FamilyController#index (for 127.0.0.1 at 2011-01-01 16:56:37) [GET]
Rendering family/index

ActionView::TemplateError (You have a nil object when you didn't expect it!
You might have expected an instance of Array.
The error occurred while evaluating nil.each) on line #4 of app/views/family/index.html.erb:
1: <h1>The McKesson Family</h1>
2: <p>This is a test of the RoR family controller</p>
3: 
4: <% @family.each do |memeber| %>
5: <%= member %><br />
6: <% end %>
7: The current time is: <%= @time %>

    app/views/family/index.html.erb:4
    /Users/petermckesson/.rvm/rubies/ree-1.8.7-2010.02/lib/ruby/1.8/webrick/httpserver.rb:104:in `service'
    /Users/petermckesson/.rvm/rubies/ree-1.8.7-2010.02/lib/ruby/1.8/webrick/httpserver.rb:65:in `run'
    /Users/petermckesson/.rvm/rubies/ree-1.8.7-2010.02/lib/ruby/1.8/webrick/server.rb:173:in `start_thread'
    /Users/petermckesson/.rvm/rubies/ree-1.8.7-2010.02/lib/ruby/1.8/webrick/server.rb:162:in `start'
    /Users/petermckesson/.rvm/rubies/ree-1.8.7-2010.02/lib/ruby/1.8/webrick/server.rb:162:in `start_thread'
    /Users/petermckesson/.rvm/rubies/ree-1.8.7-2010.02/lib/ruby/1.8/webrick/server.rb:95:in `start'
    /Users/petermckesson/.rvm/rubies/ree-1.8.7-2010.02/lib/ruby/1.8/webrick/server.rb:92:in `each'
    /Users/petermckesson/.rvm/rubies/ree-1.8.7-2010.02/lib/ruby/1.8/webrick/server.rb:92:in `start'
    /Users/petermckesson/.rvm/rubies/ree-1.8.7-2010.02/lib/ruby/1.8/webrick/server.rb:23:in `start'
    /Users/petermckesson/.rvm/rubies/ree-1.8.7-2010.02/lib/ruby/1.8/webrick/server.rb:82:in `start'

Rendered rescues/_trace (43.9ms)
Rendered rescues/_request_and_response (0.3ms)
Rendering rescues/layout (internal_server_error)


Processing FamilyController#index (for 127.0.0.1 at 2011-01-01 16:56:38) [GET]
Rendering family/index

ActionView::TemplateError (You have a nil object when you didn't expect it!
You might have expected an instance of Array.
The error occurred while evaluating nil.each) on line #4 of app/views/family/index.html.erb:
1: <h1>The McKesson Family</h1>
2: <p>This is a test of the RoR family controller</p>
3: 
4: <% @family.each do |memeber| %>
5: <%= member %><br />
6: <% end %>
7: The current time is: <%= @time %>

    app/views/family/index.html.erb:4
    /Users/petermckesson/.rvm/rubies/ree-1.8.7-2010.02/lib/ruby/1.8/webrick/httpserver.rb:104:in `service'
    /Users/petermckesson/.rvm/rubies/ree-1.8.7-2010.02/lib/ruby/1.8/webrick/httpserver.rb:65:in `run'
    /Users/petermckesson/.rvm/rubies/ree-1.8.7-2010.02/lib/ruby/1.8/webrick/server.rb:173:in `start_thread'
    /Users/petermckesson/.rvm/rubies/ree-1.8.7-2010.02/lib/ruby/1.8/webrick/server.rb:162:in `start'
    /Users/petermckesson/.rvm/rubies/ree-1.8.7-2010.02/lib/ruby/1.8/webrick/server.rb:162:in `start_thread'
    /Users/petermckesson/.rvm/rubies/ree-1.8.7-2010.02/lib/ruby/1.8/webrick/server.rb:95:in `start'
    /Users/petermckesson/.rvm/rubies/ree-1.8.7-2010.02/lib/ruby/1.8/webrick/server.rb:92:in `each'
    /Users/petermckesson/.rvm/rubies/ree-1.8.7-2010.02/lib/ruby/1.8/webrick/server.rb:92:in `start'
    /Users/petermckesson/.rvm/rubies/ree-1.8.7-2010.02/lib/ruby/1.8/webrick/server.rb:23:in `start'
    /Users/petermckesson/.rvm/rubies/ree-1.8.7-2010.02/lib/ruby/1.8/webrick/server.rb:82:in `start'

Rendered rescues/_trace (121.1ms)
Rendered rescues/_request_and_response (0.2ms)
Rendering rescues/layout (internal_server_error)


Processing FamilyController#index (for 127.0.0.1 at 2011-01-01 16:56:41) [GET]
Rendering family/index

ActionView::TemplateError (You have a nil object when you didn't expect it!
You might have expected an instance of Array.
The error occurred while evaluating nil.each) on line #4 of app/views/family/index.html.erb:
1: <h1>The McKesson Family</h1>
2: <p>This is a test of the RoR family controller</p>
3: 
4: <% @family.each do |memeber| %>
5: <%= member %><br />
6: <% end %>
7: The current time is: <%= @time %>

    app/views/family/index.html.erb:4
    /Users/petermckesson/.rvm/rubies/ree-1.8.7-2010.02/lib/ruby/1.8/webrick/httpserver.rb:104:in `service'
    /Users/petermckesson/.rvm/rubies/ree-1.8.7-2010.02/lib/ruby/1.8/webrick/httpserver.rb:65:in `run'
    /Users/petermckesson/.rvm/rubies/ree-1.8.7-2010.02/lib/ruby/1.8/webrick/server.rb:173:in `start_thread'
    /Users/petermckesson/.rvm/rubies/ree-1.8.7-2010.02/lib/ruby/1.8/webrick/server.rb:162:in `start'
    /Users/petermckesson/.rvm/rubies/ree-1.8.7-2010.02/lib/ruby/1.8/webrick/server.rb:162:in `start_thread'
    /Users/petermckesson/.rvm/rubies/ree-1.8.7-2010.02/lib/ruby/1.8/webrick/server.rb:95:in `start'
    /Users/petermckesson/.rvm/rubies/ree-1.8.7-2010.02/lib/ruby/1.8/webrick/server.rb:92:in `each'
    /Users/petermckesson/.rvm/rubies/ree-1.8.7-2010.02/lib/ruby/1.8/webrick/server.rb:92:in `start'
    /Users/petermckesson/.rvm/rubies/ree-1.8.7-2010.02/lib/ruby/1.8/webrick/server.rb:23:in `start'
    /Users/petermckesson/.rvm/rubies/ree-1.8.7-2010.02/lib/ruby/1.8/webrick/server.rb:82:in `start'

Rendered rescues/_trace (39.3ms)
Rendered rescues/_request_and_response (0.2ms)
Rendering rescues/layout (internal_server_error)


Processing FamilyController#index (for 127.0.0.1 at 2011-01-01 16:57:27) [GET]
Rendering family/index

ActionView::TemplateError (You have a nil object when you didn't expect it!
You might have expected an instance of Array.
The error occurred while evaluating nil.each) on line #4 of app/views/family/index.html.erb:
1: <h1>The McKesson Family</h1>
2: <p>This is a test of the RoR family controller</p>
3: 
4: <% @family.each do |memeber| %>
5: <%= member %><br />
6: <% end %>
7: The current time is: <%= @time %>

    app/views/family/index.html.erb:4
    /Users/petermckesson/.rvm/rubies/ree-1.8.7-2010.02/lib/ruby/1.8/webrick/httpserver.rb:104:in `service'
    /Users/petermckesson/.rvm/rubies/ree-1.8.7-2010.02/lib/ruby/1.8/webrick/httpserver.rb:65:in `run'
    /Users/petermckesson/.rvm/rubies/ree-1.8.7-2010.02/lib/ruby/1.8/webrick/server.rb:173:in `start_thread'
    /Users/petermckesson/.rvm/rubies/ree-1.8.7-2010.02/lib/ruby/1.8/webrick/server.rb:162:in `start'
    /Users/petermckesson/.rvm/rubies/ree-1.8.7-2010.02/lib/ruby/1.8/webrick/server.rb:162:in `start_thread'
    /Users/petermckesson/.rvm/rubies/ree-1.8.7-2010.02/lib/ruby/1.8/webrick/server.rb:95:in `start'
    /Users/petermckesson/.rvm/rubies/ree-1.8.7-2010.02/lib/ruby/1.8/webrick/server.rb:92:in `each'
    /Users/petermckesson/.rvm/rubies/ree-1.8.7-2010.02/lib/ruby/1.8/webrick/server.rb:92:in `start'
    /Users/petermckesson/.rvm/rubies/ree-1.8.7-2010.02/lib/ruby/1.8/webrick/server.rb:23:in `start'
    /Users/petermckesson/.rvm/rubies/ree-1.8.7-2010.02/lib/ruby/1.8/webrick/server.rb:82:in `start'

Rendered rescues/_trace (41.1ms)
Rendered rescues/_request_and_response (0.3ms)
Rendering rescues/layout (internal_server_error)


Processing FamilyController#index (for 127.0.0.1 at 2011-01-01 16:57:30) [GET]
Rendering family/index

ActionView::TemplateError (You have a nil object when you didn't expect it!
You might have expected an instance of Array.
The error occurred while evaluating nil.each) on line #4 of app/views/family/index.html.erb:
1: <h1>The McKesson Family</h1>
2: <p>This is a test of the RoR family controller</p>
3: 
4: <% @family.each do |memeber| %>
5: <%= member %><br />
6: <% end %>
7: The current time is: <%= @time %>

    app/views/family/index.html.erb:4
    /Users/petermckesson/.rvm/rubies/ree-1.8.7-2010.02/lib/ruby/1.8/webrick/httpserver.rb:104:in `service'
    /Users/petermckesson/.rvm/rubies/ree-1.8.7-2010.02/lib/ruby/1.8/webrick/httpserver.rb:65:in `run'
    /Users/petermckesson/.rvm/rubies/ree-1.8.7-2010.02/lib/ruby/1.8/webrick/server.rb:173:in `start_thread'
    /Users/petermckesson/.rvm/rubies/ree-1.8.7-2010.02/lib/ruby/1.8/webrick/server.rb:162:in `start'
    /Users/petermckesson/.rvm/rubies/ree-1.8.7-2010.02/lib/ruby/1.8/webrick/server.rb:162:in `start_thread'
    /Users/petermckesson/.rvm/rubies/ree-1.8.7-2010.02/lib/ruby/1.8/webrick/server.rb:95:in `start'
    /Users/petermckesson/.rvm/rubies/ree-1.8.7-2010.02/lib/ruby/1.8/webrick/server.rb:92:in `each'
    /Users/petermckesson/.rvm/rubies/ree-1.8.7-2010.02/lib/ruby/1.8/webrick/server.rb:92:in `start'
    /Users/petermckesson/.rvm/rubies/ree-1.8.7-2010.02/lib/ruby/1.8/webrick/server.rb:23:in `start'
    /Users/petermckesson/.rvm/rubies/ree-1.8.7-2010.02/lib/ruby/1.8/webrick/server.rb:82:in `start'

Rendered rescues/_trace (122.5ms)
Rendered rescues/_request_and_response (0.2ms)
Rendering rescues/layout (internal_server_error)


Processing FamilyController#index (for 127.0.0.1 at 2011-01-01 16:57:34) [GET]
Rendering family/index

ActionView::TemplateError (You have a nil object when you didn't expect it!
You might have expected an instance of Array.
The error occurred while evaluating nil.each) on line #4 of app/views/family/index.html.erb:
1: <h1>The McKesson Family</h1>
2: <p>This is a test of the RoR family controller</p>
3: 
4: <% @family.each do |memeber| %>
5: <%= member %><br />
6: <% end %>
7: The current time is: <%= @time %>

    app/views/family/index.html.erb:4
    /Users/petermckesson/.rvm/rubies/ree-1.8.7-2010.02/lib/ruby/1.8/webrick/httpserver.rb:104:in `service'
    /Users/petermckesson/.rvm/rubies/ree-1.8.7-2010.02/lib/ruby/1.8/webrick/httpserver.rb:65:in `run'
    /Users/petermckesson/.rvm/rubies/ree-1.8.7-2010.02/lib/ruby/1.8/webrick/server.rb:173:in `start_thread'
    /Users/petermckesson/.rvm/rubies/ree-1.8.7-2010.02/lib/ruby/1.8/webrick/server.rb:162:in `start'
    /Users/petermckesson/.rvm/rubies/ree-1.8.7-2010.02/lib/ruby/1.8/webrick/server.rb:162:in `start_thread'
    /Users/petermckesson/.rvm/rubies/ree-1.8.7-2010.02/lib/ruby/1.8/webrick/server.rb:95:in `start'
    /Users/petermckesson/.rvm/rubies/ree-1.8.7-2010.02/lib/ruby/1.8/webrick/server.rb:92:in `each'
    /Users/petermckesson/.rvm/rubies/ree-1.8.7-2010.02/lib/ruby/1.8/webrick/server.rb:92:in `start'
    /Users/petermckesson/.rvm/rubies/ree-1.8.7-2010.02/lib/ruby/1.8/webrick/server.rb:23:in `start'
    /Users/petermckesson/.rvm/rubies/ree-1.8.7-2010.02/lib/ruby/1.8/webrick/server.rb:82:in `start'

Rendered rescues/_trace (42.2ms)
Rendered rescues/_request_and_response (0.2ms)
Rendering rescues/layout (internal_server_error)


Processing FamilyController#index (for 127.0.0.1 at 2011-01-01 16:57:34) [GET]
Rendering family/index

ActionView::TemplateError (You have a nil object when you didn't expect it!
You might have expected an instance of Array.
The error occurred while evaluating nil.each) on line #4 of app/views/family/index.html.erb:
1: <h1>The McKesson Family</h1>
2: <p>This is a test of the RoR family controller</p>
3: 
4: <% @family.each do |memeber| %>
5: <%= member %><br />
6: <% end %>
7: The current time is: <%= @time %>

    app/views/family/index.html.erb:4
    /Users/petermckesson/.rvm/rubies/ree-1.8.7-2010.02/lib/ruby/1.8/webrick/httpserver.rb:104:in `service'
    /Users/petermckesson/.rvm/rubies/ree-1.8.7-2010.02/lib/ruby/1.8/webrick/httpserver.rb:65:in `run'
    /Users/petermckesson/.rvm/rubies/ree-1.8.7-2010.02/lib/ruby/1.8/webrick/server.rb:173:in `start_thread'
    /Users/petermckesson/.rvm/rubies/ree-1.8.7-2010.02/lib/ruby/1.8/webrick/server.rb:162:in `start'
    /Users/petermckesson/.rvm/rubies/ree-1.8.7-2010.02/lib/ruby/1.8/webrick/server.rb:162:in `start_thread'
    /Users/petermckesson/.rvm/rubies/ree-1.8.7-2010.02/lib/ruby/1.8/webrick/server.rb:95:in `start'
    /Users/petermckesson/.rvm/rubies/ree-1.8.7-2010.02/lib/ruby/1.8/webrick/server.rb:92:in `each'
    /Users/petermckesson/.rvm/rubies/ree-1.8.7-2010.02/lib/ruby/1.8/webrick/server.rb:92:in `start'
    /Users/petermckesson/.rvm/rubies/ree-1.8.7-2010.02/lib/ruby/1.8/webrick/server.rb:23:in `start'
    /Users/petermckesson/.rvm/rubies/ree-1.8.7-2010.02/lib/ruby/1.8/webrick/server.rb:82:in `start'

Rendered rescues/_trace (39.5ms)
Rendered rescues/_request_and_response (0.2ms)
Rendering rescues/layout (internal_server_error)


Processing FamilyController#index (for 127.0.0.1 at 2011-01-01 16:58:39) [GET]
Rendering family/index
Completed in 5ms (View: 4, DB: 0) | 200 OK [http://localhost/family]


Processing FamilyController#index (for 127.0.0.1 at 2011-01-01 16:58:43) [GET]
Rendering family/index
Completed in 1ms (View: 1, DB: 0) | 200 OK [http://localhost/family]


Processing FamilyController#index (for 127.0.0.1 at 2011-01-01 16:58:47) [GET]
Rendering family/index
Completed in 1ms (View: 1, DB: 0) | 200 OK [http://localhost/family]


Processing FamilyController#index (for 127.0.0.1 at 2011-01-01 16:58:49) [GET]
Rendering family/index
Completed in 1ms (View: 1, DB: 0) | 200 OK [http://localhost/family]


Processing FamilyController#index (for 127.0.0.1 at 2011-01-01 16:58:54) [GET]
Rendering family/index
Completed in 1ms (View: 1, DB: 0) | 200 OK [http://localhost/family]


Processing FamilyController#index (for 127.0.0.1 at 2011-01-01 16:58:58) [GET]
Rendering family/index
Completed in 1ms (View: 1, DB: 0) | 200 OK [http://localhost/family]


Processing FamilyController#index (for 127.0.0.1 at 2011-01-01 16:58:59) [GET]
Rendering family/index
Completed in 1ms (View: 1, DB: 0) | 200 OK [http://localhost/family]


Processing FamilyController#index (for 127.0.0.1 at 2011-01-01 16:58:59) [GET]
Rendering family/index
Completed in 1ms (View: 1, DB: 0) | 200 OK [http://localhost/family]
